<?xml version="1.0" encoding="UTF-8"?>
<testsuite xmlns:xsi="http://www.w3.org/2001/XMLSchema-instance" xsi:noNamespaceSchemaLocation="https://maven.apache.org/surefire/maven-surefire-plugin/xsd/surefire-test-report-3.0.xsd" version="3.0" name="com.mycompany.stringoperation.StringOperationsTest" time="0.159" tests="3" errors="0" skipped="0" failures="0">
  <properties>
[...]
</properties>
  <testcase name="testToUpper" classname="com.mycompany.stringoperation.StringOperationsTest" time="0.067">
    <system-out><![CDATA[toUpper
]]></system-out>
  </testcase>
  <testcase name="testReverseString" classname="com.mycompany.stringoperation.StringOperationsTest" time="0.018">
    <system-out><![CDATA[reverseString
]]></system-out>
  </testcase>
  <testcase name="testGetLength" classname="com.mycompany.stringoperation.StringOperationsTest" time="0.006">
    <system-out><![CDATA[getLength
]]></system-out>
  </testcase>
</testsuite>