<?xml version="1.0" encoding="UTF-8"?>
<testsuite xmlns:xsi="http://www.w3.org/2001/XMLSchema-instance" xsi:noNamespaceSchemaLocation="https://maven.apache.org/surefire/maven-surefire-plugin/xsd/surefire-test-report-3.0.xsd" version="3.0" name="com.mycompany.numberutils.NumberUtilTest" time="0.107" tests="3" errors="0" skipped="0" failures="0">
  <properties>
[...]
</properties>
  <testcase name="testNotPrime" classname="com.mycompany.numberutils.NumberUtilTest" time="0.042">
    <system-out><![CDATA[NotPrime
]]></system-out>
  </testcase>
  <testcase name="testFactorial" classname="com.mycompany.numberutils.NumberUtilTest" time="0.005">
    <system-out><![CDATA[factorial
]]></system-out>
  </testcase>
  <testcase name="testIsPrime" classname="com.mycompany.numberutils.NumberUtilTest" time="0.004">
    <system-out><![CDATA[isPrime
]]></system-out>
  </testcase>
</testsuite>